<?xml version="1.0" encoding="UTF-8"?>
<!-- Generated by org.testng.reporters.JUnitReportReporter -->
<testsuite hostname="DESKTOP-ILOVP9M" failures="0" tests="1" name="com_actitime_testscripts.createcustomer" time="0.014" errors="0" timestamp="2023-09-28T12:52:19 IST" skipped="0">
  <testcase classname="com_actitime_testscripts.createcustomer" name="testcustomer" time="0.014">
    <system-out>
      <![CDATA[create customer]]>
    </system-out>
  </testcase> <!-- testcustomer -->
  <system-out>
    <![CDATA[create customer]]>
  </system-out>
</testsuite> <!-- com_actitime_testscripts.createcustomer -->
